<?xml version="1.0" encoding="UTF-8"?>
<testsuite xmlns:xsi="http://www.w3.org/2001/XMLSchema-instance" xsi:noNamespaceSchemaLocation="https://maven.apache.org/surefire/maven-surefire-plugin/xsd/surefire-test-report-3.0.xsd" version="3.0" name="TestRunner" time="5.637" tests="5" errors="0" skipped="0" failures="0">
  <properties>
[...]
</properties>
  <testcase name="[1:13] 1. SIGNUP - Create new user successfully" classname="karate/demoblaze" time="2.464">
    <system-out><![CDATA[07:26:54.527 [main] INFO  com.intuit.karate - >> lock acquired, begin callonce: read('create-user.feature')
07:26:54.664 [main] INFO  com.intuit.karate - << lock released, cached callonce: read('create-user.feature')
07:26:56.033 [main] DEBUG com.intuit.karate - request:
1 > POST https://api.demoblaze.com/signup
1 > Content-Type: application/json; charset=UTF-8
1 > Content-Length: 68
1 > Host: api.demoblaze.com
1 > Connection: Keep-Alive
1 > User-Agent: Apache-HttpClient/4.5.14 (Java/11.0.30)
1 > Accept-Encoding: gzip,deflate
{
  "username": "testuser_1770208014587_91679",
  "password": "TestPass123"
}


07:26:56.803 [main] DEBUG com.intuit.karate - response time in milliseconds: 763
1 < 200
1 < content-type: application/json
1 < x-cloud-trace-context: ea156d39b0037ba40057b019af91b2d5
1 < date: Wed, 04 Feb 2026 12:26:56 GMT
1 < server: Google Frontend
1 < Content-Length: 3
""


]]></system-out>
  </testcase>
  <testcase name="[2:20] 2. SIGNUP - Try to create existing user" classname="karate/demoblaze" time="0.348">
    <system-out><![CDATA[07:26:56.905 [main] DEBUG com.intuit.karate - request:
1 > POST https://api.demoblaze.com/signup
1 > Content-Type: application/json; charset=UTF-8
1 > Content-Length: 68
1 > Host: api.demoblaze.com
1 > Connection: Keep-Alive
1 > User-Agent: Apache-HttpClient/4.5.14 (Java/11.0.30)
1 > Accept-Encoding: gzip,deflate
{
  "username": "testuser_1770208014587_91679",
  "password": "TestPass123"
}


07:26:57.205 [main] DEBUG com.intuit.karate - response time in milliseconds: 297
1 < 200
1 < content-type: application/json
1 < vary: Accept-Encoding
1 < x-cloud-trace-context: e5c6a49cf1d0cafcb8b4d1c1e933274d
1 < date: Wed, 04 Feb 2026 12:26:56 GMT
1 < server: Google Frontend
1 < Transfer-Encoding: chunked
{
  "errorMessage": "This user already exist."
}


]]></system-out>
  </testcase>
  <testcase name="[3:27] 3. LOGIN - Correct credentials" classname="karate/demoblaze" time="0.326">
    <system-out><![CDATA[07:26:57.248 [main] DEBUG com.intuit.karate - request:
1 > POST https://api.demoblaze.com/login
1 > Content-Type: application/json; charset=UTF-8
1 > Content-Length: 68
1 > Host: api.demoblaze.com
1 > Connection: Keep-Alive
1 > User-Agent: Apache-HttpClient/4.5.14 (Java/11.0.30)
1 > Accept-Encoding: gzip,deflate
{
  "username": "testuser_1770208014587_91679",
  "password": "TestPass123"
}


07:26:57.533 [main] DEBUG com.intuit.karate - response time in milliseconds: 285
1 < 200
1 < content-type: application/json
1 < vary: Accept-Encoding
1 < x-cloud-trace-context: cd2238a4fc40c0a87d707b2f898d0a73
1 < date: Wed, 04 Feb 2026 12:26:56 GMT
1 < server: Google Frontend
1 < Transfer-Encoding: chunked
"Auth_token: dGVzdHVzZXJfMTc3MDIwODAxNDU4N185MTY3OTE3NzA4MDg="


]]></system-out>
  </testcase>
  <testcase name="[4:34] 4. LOGIN - Incorrect password" classname="karate/demoblaze" time="0.311">
    <system-out><![CDATA[07:26:57.572 [main] DEBUG com.intuit.karate - request:
1 > POST https://api.demoblaze.com/login
1 > Content-Type: application/json; charset=UTF-8
1 > Content-Length: 73
1 > Host: api.demoblaze.com
1 > Connection: Keep-Alive
1 > User-Agent: Apache-HttpClient/4.5.14 (Java/11.0.30)
1 > Accept-Encoding: gzip,deflate
{
  "username": "testuser_1770208014587_91679",
  "password": "WrongPassword456"
}


07:26:57.844 [main] DEBUG com.intuit.karate - response time in milliseconds: 270
1 < 200
1 < content-type: application/json
1 < vary: Accept-Encoding
1 < x-cloud-trace-context: 4276a87c4a5e8c297d707b2f898d0e5c
1 < date: Wed, 04 Feb 2026 12:26:57 GMT
1 < server: Google Frontend
1 < Transfer-Encoding: chunked
{
  "errorMessage": "Wrong password."
}


]]></system-out>
  </testcase>
  <testcase name="[5:41] 5. LOGIN - Non-existent user (extra)" classname="karate/demoblaze" time="1.819">
    <system-out><![CDATA[07:26:57.888 [main] DEBUG com.intuit.karate - request:
1 > POST https://api.demoblaze.com/login
1 > Content-Type: application/json; charset=UTF-8
1 > Content-Length: 64
1 > Host: api.demoblaze.com
1 > Connection: Keep-Alive
1 > User-Agent: Apache-HttpClient/4.5.14 (Java/11.0.30)
1 > Accept-Encoding: gzip,deflate
{
  "username": "nonexistent_user_xyz_123",
  "password": "TestPass123"
}


07:26:58.127 [main] DEBUG com.intuit.karate - response time in milliseconds: 237
1 < 200
1 < content-type: application/json
1 < vary: Accept-Encoding
1 < x-cloud-trace-context: d744c743d1a090a3125121a6038c162a
1 < date: Wed, 04 Feb 2026 12:26:57 GMT
1 < server: Google Frontend
1 < Transfer-Encoding: chunked
{
  "errorMessage": "User does not exist."
}


---------------------------------------------------------
feature: classpath:karate/demoblaze.feature
scenarios:  5 | passed:  5 | failed:  0 | time: 3,5913
---------------------------------------------------------

Karate version: 1.4.1
======================================================
elapsed:   5,32 | threads:    1 | thread time: 3,59 
features:     1 | skipped:    0 | efficiency: 0,68
scenarios:    5 | passed:     5 | failed: 0
======================================================

HTML report: (paste into browser to view) | Karate version: 1.4.1
file:///C:/Users/Ana/Documents/demoblaze/target/karate-reports/karate-summary.html
===================================================================

]]></system-out>
  </testcase>
</testsuite>